C:\USERS\CRAIG\DESKTOP\DX11TUT07\ENGINE\DEBUG\ENGINE.EXE
C:\USERS\CRAIG\DESKTOP\DX11TUT07\ENGINE\DEBUG\ENGINE.ILK
C:\USERS\CRAIG\DESKTOP\DX11TUT07\ENGINE\DEBUG\ENGINE.PDB
C:\USERS\CRAIG\DESKTOP\DX11TUT07\ENGINE\ENGINE\DEBUG\CAMERACLASS.OBJ
C:\USERS\CRAIG\DESKTOP\DX11TUT07\ENGINE\ENGINE\DEBUG\D3DCLASS.OBJ
C:\USERS\CRAIG\DESKTOP\DX11TUT07\ENGINE\ENGINE\DEBUG\ENGINE.EXE.EMBED.MANIFEST
C:\USERS\CRAIG\DESKTOP\DX11TUT07\ENGINE\ENGINE\DEBUG\ENGINE.EXE.EMBED.MANIFEST.RES
C:\USERS\CRAIG\DESKTOP\DX11TUT07\ENGINE\ENGINE\DEBUG\ENGINE.EXE.INTERMEDIATE.MANIFEST
C:\USERS\CRAIG\DESKTOP\DX11TUT07\ENGINE\ENGINE\DEBUG\GRAPHICSCLASS.OBJ
C:\USERS\CRAIG\DESKTOP\DX11TUT07\ENGINE\ENGINE\DEBUG\INPUTCLASS.OBJ
C:\USERS\CRAIG\DESKTOP\DX11TUT07\ENGINE\ENGINE\DEBUG\LIGHTCLASS.OBJ
C:\USERS\CRAIG\DESKTOP\DX11TUT07\ENGINE\ENGINE\DEBUG\LIGHTSHADERCLASS.OBJ
C:\USERS\CRAIG\DESKTOP\DX11TUT07\ENGINE\ENGINE\DEBUG\MAIN.OBJ
C:\USERS\CRAIG\DESKTOP\DX11TUT07\ENGINE\ENGINE\DEBUG\MODELCLASS.OBJ
C:\USERS\CRAIG\DESKTOP\DX11TUT07\ENGINE\ENGINE\DEBUG\SYSTEMCLASS.OBJ
C:\USERS\CRAIG\DESKTOP\DX11TUT07\ENGINE\ENGINE\DEBUG\TEXTURECLASS.OBJ
C:\USERS\CRAIG\DESKTOP\DX11TUT07\ENGINE\ENGINE\DEBUG\VC100.PDB
C:\USERS\M513207\DESKTOP\2012\AG1101A\RASTERTEK\DX11LAB4\ENGINE\DEBUG\ENGINE.EXE
C:\USERS\M513207\DESKTOP\2012\AG1101A\RASTERTEK\DX11LAB4\ENGINE\DEBUG\ENGINE.ILK
C:\USERS\M513207\DESKTOP\2012\AG1101A\RASTERTEK\DX11LAB4\ENGINE\DEBUG\ENGINE.PDB
C:\USERS\M513207\DESKTOP\2012\AG1101A\RASTERTEK\DX11LAB4\ENGINE\ENGINE\DEBUG\CAMERACLASS.OBJ
C:\Users\m513207\Desktop\2012\AG1101A\RasterTek\dx11Lab4\Engine\Engine\Debug\cl.command.1.tlog
C:\Users\m513207\Desktop\2012\AG1101A\RasterTek\dx11Lab4\Engine\Engine\Debug\CL.read.1.tlog
C:\Users\m513207\Desktop\2012\AG1101A\RasterTek\dx11Lab4\Engine\Engine\Debug\CL.write.1.tlog
C:\USERS\M513207\DESKTOP\2012\AG1101A\RASTERTEK\DX11LAB4\ENGINE\ENGINE\DEBUG\D3DCLASS.OBJ
C:\Users\m513207\Desktop\2012\AG1101A\RasterTek\dx11Lab4\Engine\Engine\Debug\Engine.exe.embed.manifest
C:\USERS\M513207\DESKTOP\2012\AG1101A\RASTERTEK\DX11LAB4\ENGINE\ENGINE\DEBUG\ENGINE.EXE.EMBED.MANIFEST.RES
C:\USERS\M513207\DESKTOP\2012\AG1101A\RASTERTEK\DX11LAB4\ENGINE\ENGINE\DEBUG\ENGINE.EXE.INTERMEDIATE.MANIFEST
C:\Users\m513207\Desktop\2012\AG1101A\RasterTek\dx11Lab4\Engine\Engine\Debug\Engine_manifest.rc
C:\USERS\M513207\DESKTOP\2012\AG1101A\RASTERTEK\DX11LAB4\ENGINE\ENGINE\DEBUG\GRAPHICSCLASS.OBJ
C:\USERS\M513207\DESKTOP\2012\AG1101A\RASTERTEK\DX11LAB4\ENGINE\ENGINE\DEBUG\INPUTCLASS.OBJ
C:\USERS\M513207\DESKTOP\2012\AG1101A\RASTERTEK\DX11LAB4\ENGINE\ENGINE\DEBUG\LIGHTCLASS.OBJ
C:\USERS\M513207\DESKTOP\2012\AG1101A\RASTERTEK\DX11LAB4\ENGINE\ENGINE\DEBUG\LIGHTSHADERCLASS.OBJ
C:\Users\m513207\Desktop\2012\AG1101A\RasterTek\dx11Lab4\Engine\Engine\Debug\link.4344.read.1.tlog
C:\Users\m513207\Desktop\2012\AG1101A\RasterTek\dx11Lab4\Engine\Engine\Debug\link.4344.write.1.tlog
C:\Users\m513207\Desktop\2012\AG1101A\RasterTek\dx11Lab4\Engine\Engine\Debug\link.4344-cvtres.read.1.tlog
C:\Users\m513207\Desktop\2012\AG1101A\RasterTek\dx11Lab4\Engine\Engine\Debug\link.4344-cvtres.write.1.tlog
C:\Users\m513207\Desktop\2012\AG1101A\RasterTek\dx11Lab4\Engine\Engine\Debug\link.7904.read.1.tlog
C:\Users\m513207\Desktop\2012\AG1101A\RasterTek\dx11Lab4\Engine\Engine\Debug\link.7904.write.1.tlog
C:\Users\m513207\Desktop\2012\AG1101A\RasterTek\dx11Lab4\Engine\Engine\Debug\link.7904-cvtres.read.1.tlog
C:\Users\m513207\Desktop\2012\AG1101A\RasterTek\dx11Lab4\Engine\Engine\Debug\link.7904-cvtres.write.1.tlog
C:\Users\m513207\Desktop\2012\AG1101A\RasterTek\dx11Lab4\Engine\Engine\Debug\link.command.1.tlog
C:\Users\m513207\Desktop\2012\AG1101A\RasterTek\dx11Lab4\Engine\Engine\Debug\link.read.1.tlog
C:\Users\m513207\Desktop\2012\AG1101A\RasterTek\dx11Lab4\Engine\Engine\Debug\link.write.1.tlog
C:\Users\m513207\Desktop\2012\AG1101A\RasterTek\dx11Lab4\Engine\Engine\Debug\link-cvtres.read.1.tlog
C:\Users\m513207\Desktop\2012\AG1101A\RasterTek\dx11Lab4\Engine\Engine\Debug\link-cvtres.write.1.tlog
C:\USERS\M513207\DESKTOP\2012\AG1101A\RASTERTEK\DX11LAB4\ENGINE\ENGINE\DEBUG\MAIN.OBJ
C:\USERS\M513207\DESKTOP\2012\AG1101A\RASTERTEK\DX11LAB4\ENGINE\ENGINE\DEBUG\MODELCLASS.OBJ
C:\Users\m513207\Desktop\2012\AG1101A\RasterTek\dx11Lab4\Engine\Engine\Debug\mt.command.1.tlog
C:\Users\m513207\Desktop\2012\AG1101A\RasterTek\dx11Lab4\Engine\Engine\Debug\mt.read.1.tlog
C:\Users\m513207\Desktop\2012\AG1101A\RasterTek\dx11Lab4\Engine\Engine\Debug\mt.write.1.tlog
C:\Users\m513207\Desktop\2012\AG1101A\RasterTek\dx11Lab4\Engine\Engine\Debug\rc.command.1.tlog
C:\Users\m513207\Desktop\2012\AG1101A\RasterTek\dx11Lab4\Engine\Engine\Debug\rc.read.1.tlog
C:\Users\m513207\Desktop\2012\AG1101A\RasterTek\dx11Lab4\Engine\Engine\Debug\rc.write.1.tlog
C:\USERS\M513207\DESKTOP\2012\AG1101A\RASTERTEK\DX11LAB4\ENGINE\ENGINE\DEBUG\SYSTEMCLASS.OBJ
C:\USERS\M513207\DESKTOP\2012\AG1101A\RASTERTEK\DX11LAB4\ENGINE\ENGINE\DEBUG\TEXTURECLASS.OBJ
C:\Users\m513207\Desktop\2012\AG1101A\RasterTek\dx11Lab4\Engine\Engine\Debug\vc100.idb
C:\USERS\M513207\DESKTOP\2012\AG1101A\RASTERTEK\DX11LAB4\ENGINE\ENGINE\DEBUG\VC100.PDB
C:\USERS\M513207\DESKTOP\2012\AG1101A\RASTERTEK\DX11TUT07\ENGINE\DEBUG\ENGINE.EXE
C:\USERS\M513207\DESKTOP\2012\AG1101A\RASTERTEK\DX11TUT07\ENGINE\DEBUG\ENGINE.ILK
C:\USERS\M513207\DESKTOP\2012\AG1101A\RASTERTEK\DX11TUT07\ENGINE\DEBUG\ENGINE.PDB
C:\USERS\M513207\DESKTOP\2012\AG1101A\RASTERTEK\DX11TUT07\ENGINE\ENGINE\DEBUG\CAMERACLASS.OBJ
C:\USERS\M513207\DESKTOP\2012\AG1101A\RASTERTEK\DX11TUT07\ENGINE\ENGINE\DEBUG\D3DCLASS.OBJ
C:\USERS\M513207\DESKTOP\2012\AG1101A\RASTERTEK\DX11TUT07\ENGINE\ENGINE\DEBUG\ENGINE.EXE.EMBED.MANIFEST
C:\USERS\M513207\DESKTOP\2012\AG1101A\RASTERTEK\DX11TUT07\ENGINE\ENGINE\DEBUG\ENGINE.EXE.EMBED.MANIFEST.RES
C:\USERS\M513207\DESKTOP\2012\AG1101A\RASTERTEK\DX11TUT07\ENGINE\ENGINE\DEBUG\ENGINE.EXE.INTERMEDIATE.MANIFEST
C:\USERS\M513207\DESKTOP\2012\AG1101A\RASTERTEK\DX11TUT07\ENGINE\ENGINE\DEBUG\GRAPHICSCLASS.OBJ
C:\USERS\M513207\DESKTOP\2012\AG1101A\RASTERTEK\DX11TUT07\ENGINE\ENGINE\DEBUG\INPUTCLASS.OBJ
C:\USERS\M513207\DESKTOP\2012\AG1101A\RASTERTEK\DX11TUT07\ENGINE\ENGINE\DEBUG\LIGHTCLASS.OBJ
C:\USERS\M513207\DESKTOP\2012\AG1101A\RASTERTEK\DX11TUT07\ENGINE\ENGINE\DEBUG\LIGHTSHADERCLASS.OBJ
C:\USERS\M513207\DESKTOP\2012\AG1101A\RASTERTEK\DX11TUT07\ENGINE\ENGINE\DEBUG\MAIN.OBJ
C:\USERS\M513207\DESKTOP\2012\AG1101A\RASTERTEK\DX11TUT07\ENGINE\ENGINE\DEBUG\MODELCLASS.OBJ
C:\USERS\M513207\DESKTOP\2012\AG1101A\RASTERTEK\DX11TUT07\ENGINE\ENGINE\DEBUG\SYSTEMCLASS.OBJ
C:\USERS\M513207\DESKTOP\2012\AG1101A\RASTERTEK\DX11TUT07\ENGINE\ENGINE\DEBUG\TEXTURECLASS.OBJ
C:\USERS\M513207\DESKTOP\2012\AG1101A\RASTERTEK\DX11TUT07\ENGINE\ENGINE\DEBUG\VC100.PDB
